\BOOKMARK [1][-]{section.1}{\376\377\000I\000n\000t\000r\000o\000d\000u\000c\000t\000i\000o\000n}{}% 1
\BOOKMARK [2][-]{subsection.1.1}{\376\377\000E\000t\000y\000m\000o\000l\000o\000g\000y\000\040\000a\000n\000d\000\040\000T\000e\000r\000m\000i\000n\000o\000l\000o\000g\000y}{section.1}% 2
\BOOKMARK [2][-]{subsection.1.2}{\376\377\000L\000o\000g\000i\000c\000\040\000i\000n\000\040\000H\000i\000s\000t\000o\000r\000y}{section.1}% 3
\BOOKMARK [3][-]{subsubsection.1.2.1}{\376\377\000P\000h\000i\000l\000o\000s\000o\000p\000h\000i\000c\000a\000l\000\040\000r\000e\000v\000o\000l\000u\000t\000i\000o\000n}{subsection.1.2}% 4
\BOOKMARK [3][-]{subsubsection.1.2.2}{\376\377\000M\000o\000d\000e\000r\000n\000\040\000e\000r\000a}{subsection.1.2}% 5
\BOOKMARK [1][-]{section.2}{\376\377\000A\000r\000g\000u\000m\000e\000n\000t\000s}{}% 6
\BOOKMARK [2][-]{subsection.2.1}{\376\377\000C\000o\000m\000p\000o\000n\000e\000n\000t}{section.2}% 7
\BOOKMARK [3][-]{subsubsection.2.1.1}{\376\377\000\040\000S\000t\000a\000t\000e\000m\000e\000n\000t}{subsection.2.1}% 8
\BOOKMARK [3][-]{subsubsection.2.1.2}{\376\377\000N\000o\000n\000-\000S\000t\000a\000t\000e\000m\000e\000n\000t}{subsection.2.1}% 9
\BOOKMARK [3][-]{subsubsection.2.1.3}{\376\377\000O\000p\000e\000n\000\040\000s\000e\000n\000t\000e\000n\000c\000e}{subsection.2.1}% 10
\BOOKMARK [3][-]{subsubsection.2.1.4}{\376\377\000C\000o\000n\000c\000l\000u\000s\000i\000o\000n}{subsection.2.1}% 11
\BOOKMARK [3][-]{subsubsection.2.1.5}{\376\377\000I\000n\000f\000e\000r\000e\000n\000c\000e}{subsection.2.1}% 12
\BOOKMARK [2][-]{subsection.2.2}{\376\377\000F\000o\000r\000m\000a\000l\000\040\000a\000n\000d\000\040\000I\000n\000f\000o\000r\000m\000a\000l}{section.2}% 13
\BOOKMARK [3][-]{subsubsection.2.2.1}{\376\377\000F\000o\000r\000m\000a\000l\000\040\000L\000o\000g\000i\000c}{subsection.2.2}% 14
\BOOKMARK [3][-]{subsubsection.2.2.2}{\376\377\000I\000n\000f\000o\000r\000m\000a\000l\000\040\000L\000o\000g\000i\000c}{subsection.2.2}% 15
\BOOKMARK [3][-]{subsubsection.2.2.3}{\376\377\000F\000o\000r\000m\000a\000l\000\040\000v\000s\000\040\000I\000n\000f\000o\000r\000m\000a\000l}{subsection.2.2}% 16
\BOOKMARK [1][-]{section.3}{\376\377\000D\000e\000d\000u\000c\000t\000i\000v\000e\000\040\000a\000n\000d\000\040\000I\000n\000d\000u\000c\000t\000i\000v\000e}{}% 17
\BOOKMARK [2][-]{subsection.3.1}{\376\377\000D\000e\000d\000u\000c\000t\000i\000v\000e}{section.3}% 18
\BOOKMARK [2][-]{subsection.3.2}{\376\377\000I\000n\000d\000u\000c\000t\000i\000v\000e}{section.3}% 19
\BOOKMARK [2][-]{subsection.3.3}{\376\377\000D\000e\000d\000u\000c\000t\000i\000o\000n\000\040\000v\000s\000/\000a\000n\000d\000\040\000I\000n\000d\000u\000c\000t\000i\000o\000n}{section.3}% 20
\BOOKMARK [1][-]{section.4}{\376\377\000S\000c\000o\000p\000e\000\040\000o\000f\000\040\000D\000e\000d\000u\000c\000t\000i\000v\000e\000\040\000a\000n\000d\000\040\000I\000n\000d\000u\000c\000t\000i\000v\000e\000\040}{}% 21
\BOOKMARK [2][-]{subsection.4.1}{\376\377\000S\000c\000o\000p\000e\000\040\000o\000f\000\040\000D\000e\000d\000u\000c\000t\000i\000v\000e}{section.4}% 22
\BOOKMARK [3][-]{subsubsection.4.1.1}{\376\377\000V\000a\000l\000i\000d\000i\000t\000y}{subsection.4.1}% 23
\BOOKMARK [3][-]{subsubsection.4.1.2}{\376\377\000S\000o\000u\000n\000d\000n\000e\000s\000s}{subsection.4.1}% 24
\BOOKMARK [2][-]{subsection.4.2}{\376\377\000S\000c\000o\000p\000e\000\040\000o\000f\000\040\000I\000n\000d\000u\000c\000t\000i\000v\000e}{section.4}% 25
\BOOKMARK [3][-]{subsubsection.4.2.1}{\376\377\000S\000t\000r\000o\000n\000g\000\040\000A\000r\000g\000u\000m\000e\000n\000t}{subsection.4.2}% 26
\BOOKMARK [3][-]{subsubsection.4.2.2}{\376\377\000C\000o\000g\000e\000n\000t}{subsection.4.2}% 27
\BOOKMARK [3][-]{subsubsection.4.2.3}{\376\377\000W\000e\000a\000k\000\040\000A\000r\000g\000u\000m\000e\000n\000t}{subsection.4.2}% 28
\BOOKMARK [1][-]{section.5}{\376\377\000S\000y\000m\000b\000o\000l\000i\000z\000a\000t\000i\000o\000n}{}% 29
\BOOKMARK [2][-]{subsection.5.1}{\376\377\000R\000o\000l\000e}{section.5}% 30
\BOOKMARK [3][-]{subsubsection.5.1.1}{\376\377\000P\000r\000o\000p\000o\000s\000i\000t\000i\000o\000n}{subsection.5.1}% 31
\BOOKMARK [3][-]{subsubsection.5.1.2}{\376\377\000R\000e\000l\000a\000t\000i\000o\000n}{subsection.5.1}% 32
\BOOKMARK [2][-]{subsection.5.2}{\376\377\000P\000u\000r\000p\000o\000s\000e}{section.5}% 33
\BOOKMARK [1][-]{section.6}{\376\377\000W\000e\000l\000l\000-\000F\000o\000r\000m\000e\000d\000\040\000F\000o\000r\000m\000u\000l\000a}{}% 34
\BOOKMARK [2][-]{subsection.6.1}{\376\377\000E\000x\000p\000r\000e\000s\000s\000i\000o\000n}{section.6}% 35
\BOOKMARK [3][-]{subsubsection.6.1.1}{\376\377\000A\000m\000b\000i\000g\000u\000i\000t\000y\000\040\000i\000n\000\040\000N\000a\000t\000u\000r\000a\000l\000\040\000L\000a\000n\000g\000u\000a\000g\000e}{subsection.6.1}% 36
\BOOKMARK [3][-]{subsubsection.6.1.2}{\376\377\000L\000e\000x\000i\000c\000a\000l\000\040\000A\000m\000b\000i\000g\000u\000i\000t\000y}{subsection.6.1}% 37
\BOOKMARK [3][-]{subsubsection.6.1.3}{\376\377\000S\000t\000r\000u\000c\000t\000u\000r\000a\000l\000\040\000A\000m\000b\000i\000g\000u\000i\000t\000y}{subsection.6.1}% 38
\BOOKMARK [1][-]{section.7}{\376\377\000T\000r\000u\000t\000h\000\040\000T\000a\000b\000l\000e}{}% 39
\BOOKMARK [2][-]{subsection.7.1}{\376\377\000T\000r\000u\000t\000h\000\040\000T\000a\000b\000l\000e\000\040\000f\000o\000r\000\040\000D\000i\000s\000j\000u\000n\000c\000t\000i\000o\000n}{section.7}% 40
\BOOKMARK [2][-]{subsection.7.2}{\376\377\000T\000r\000u\000t\000h\000\040\000T\000a\000b\000l\000e\000\040\000f\000o\000r\000\040\000C\000o\000n\000j\000u\000n\000c\000t\000i\000o\000n}{section.7}% 41
\BOOKMARK [2][-]{subsection.7.3}{\376\377\000T\000r\000u\000t\000h\000\040\000T\000a\000b\000l\000e\000\040\000f\000o\000r\000\040\000I\000m\000p\000l\000i\000c\000a\000t\000i\000o\000n}{section.7}% 42
\BOOKMARK [2][-]{subsection.7.4}{\376\377\000T\000r\000u\000t\000h\000\040\000T\000a\000b\000l\000e\000\040\000f\000o\000r\000\040\000N\000e\000g\000a\000t\000i\000o\000n}{section.7}% 43
\BOOKMARK [2][-]{subsection.7.5}{\376\377\000T\000r\000u\000t\000h\000\040\000T\000a\000b\000l\000e\000\040\000f\000o\000r\000\040\000B\000i\000c\000o\000n\000d\000i\000t\000i\000o\000n\000a\000l}{section.7}% 44
\BOOKMARK [2][-]{subsection.7.6}{\376\377\000T\000r\000u\000t\000h\000\040\000T\000a\000b\000l\000e\000\040\000f\000o\000r\000\040\000N\000A\000N\000D}{section.7}% 45
\BOOKMARK [2][-]{subsection.7.7}{\376\377\000T\000r\000u\000t\000h\000\040\000T\000a\000b\000l\000e\000\040\000f\000o\000r\000\040\000N\000O\000R}{section.7}% 46
\BOOKMARK [1][-]{section.8}{\376\377\000P\000a\000r\000t\000i\000a\000l\000\040\000T\000r\000u\000t\000h\000\040\000T\000a\000b\000l\000e}{}% 47
\BOOKMARK [2][-]{subsection.8.1}{\376\377\000E\000x\000a\000m\000p\000l\000e\000\040\0001\000:\000\040\000T\000a\000u\000t\000o\000l\000o\000g\000y}{section.8}% 48
\BOOKMARK [2][-]{subsection.8.2}{\376\377\000E\000x\000a\000m\000p\000l\000e\000\040\0002\000:\000\040\000C\000o\000n\000t\000r\000a\000d\000i\000c\000t\000i\000o\000n}{section.8}% 49
\BOOKMARK [2][-]{subsection.8.3}{\376\377\000E\000x\000a\000m\000p\000l\000e\000\040\0003\000:\000\040\000E\000q\000u\000i\000v\000a\000l\000e\000n\000c\000e}{section.8}% 50
\BOOKMARK [2][-]{subsection.8.4}{\376\377\000E\000x\000a\000m\000p\000l\000e\000\040\0004\000:\000\040\000V\000a\000l\000i\000d\000i\000t\000y}{section.8}% 51
\BOOKMARK [2][-]{subsection.8.5}{\376\377\000E\000x\000a\000m\000p\000l\000e\000\040\0005\000:\000\040\000C\000o\000n\000t\000i\000n\000g\000e\000n\000c\000y}{section.8}% 52
\BOOKMARK [2][-]{subsection.8.6}{\376\377\000E\000x\000a\000m\000p\000l\000e\000\040\0006\000:\000\040\000S\000a\000t\000i\000s\000f\000i\000a\000b\000i\000l\000i\000t\000y}{section.8}% 53
\BOOKMARK [2][-]{subsection.8.7}{\376\377\000E\000x\000a\000m\000p\000l\000e\000\040\0007\000:\000\040\000U\000n\000s\000a\000t\000i\000s\000f\000i\000a\000b\000i\000l\000i\000t\000y}{section.8}% 54
\BOOKMARK [2][-]{subsection.8.8}{\376\377\000E\000x\000a\000m\000p\000l\000e\000\040\0008\000:\000\040\000N\000o\000n\000-\000E\000q\000u\000i\000v\000a\000l\000e\000n\000c\000e}{section.8}% 55
\BOOKMARK [2][-]{subsection.8.9}{\376\377\000E\000x\000a\000m\000p\000l\000e\000\040\0009\000:\000\040\000I\000n\000v\000a\000l\000i\000d\000i\000t\000y}{section.8}% 56
\BOOKMARK [2][-]{subsection.8.10}{\376\377\000E\000x\000a\000m\000p\000l\000e\000\040\0001\0000\000:\000\040\000M\000u\000l\000t\000i\000p\000l\000e\000\040\000P\000r\000e\000m\000i\000s\000e\000s\000\040\000V\000a\000l\000i\000d\000i\000t\000y}{section.8}% 57
\BOOKMARK [1][-]{section.9}{\376\377\000C\000o\000m\000p\000o\000u\000n\000d\000\040\000S\000t\000a\000t\000e\000m\000e\000n\000t\000s}{}% 58
\BOOKMARK [2][-]{subsection.9.1}{\376\377\000E\000x\000a\000m\000p\000l\000e\000\040\0001}{section.9}% 59
\BOOKMARK [2][-]{subsection.9.2}{\376\377\000E\000x\000a\000m\000p\000l\000e\000\040\0002}{section.9}% 60
\BOOKMARK [2][-]{subsection.9.3}{\376\377\000E\000x\000a\000m\000p\000l\000e\000\040\0003}{section.9}% 61
\BOOKMARK [2][-]{subsection.9.4}{\376\377\000E\000x\000a\000m\000p\000l\000e\000\040\0004}{section.9}% 62
\BOOKMARK [2][-]{subsection.9.5}{\376\377\000E\000x\000a\000m\000p\000l\000e\000\040\0005}{section.9}% 63
\BOOKMARK [2][-]{subsection.9.6}{\376\377\000E\000x\000a\000m\000p\000l\000e\000\040\0006}{section.9}% 64
\BOOKMARK [1][-]{section.10}{\376\377\000S\000e\000m\000a\000n\000t\000i\000c\000\040\000c\000o\000n\000c\000e\000p\000t\000s\000\040}{}% 65
\BOOKMARK [2][-]{subsection.10.1}{\376\377\000T\000a\000u\000t\000o\000l\000o\000g\000y}{section.10}% 66
\BOOKMARK [2][-]{subsection.10.2}{\376\377\000C\000o\000n\000t\000r\000a\000d\000i\000c\000t\000i\000o\000n}{section.10}% 67
\BOOKMARK [2][-]{subsection.10.3}{\376\377\000E\000q\000u\000i\000v\000a\000l\000e\000n\000c\000e}{section.10}% 68
\BOOKMARK [2][-]{subsection.10.4}{\376\377\000C\000o\000n\000t\000i\000n\000g\000e\000n\000c\000y}{section.10}% 69
\BOOKMARK [2][-]{subsection.10.5}{\376\377\000S\000a\000t\000i\000s\000f\000i\000a\000b\000i\000l\000i\000t\000y}{section.10}% 70
\BOOKMARK [2][-]{subsection.10.6}{\376\377\000V\000a\000l\000i\000d\000i\000t\000y}{section.10}% 71
\BOOKMARK [2][-]{subsection.10.7}{\376\377\000S\000o\000u\000n\000d\000n\000e\000s\000s}{section.10}% 72
\BOOKMARK [2][-]{subsection.10.8}{\376\377\000E\000n\000t\000a\000i\000l\000m\000e\000n\000t}{section.10}% 73
\BOOKMARK [2][-]{subsection.10.9}{\376\377\000C\000o\000m\000p\000l\000e\000t\000e\000n\000e\000s\000s}{section.10}% 74
\BOOKMARK [1][-]{section.11}{\376\377\000V\000e\000n\000n\000\040\000D\000i\000a\000g\000r\000a\000m}{}% 75
\BOOKMARK [2][-]{subsection.11.1}{\376\377\000V\000e\000n\000n\000\040\000D\000i\000a\000g\000r\000a\000m\000\040\000f\000o\000r\000\040\000C\000o\000n\000j\000u\000n\000c\000t\000i\000o\000n}{section.11}% 76
\BOOKMARK [2][-]{subsection.11.2}{\376\377\000V\000e\000n\000n\000\040\000D\000i\000a\000g\000r\000a\000m\000\040\000f\000o\000r\000\040\000D\000i\000s\000j\000u\000n\000c\000t\000i\000o\000n}{section.11}% 77
\BOOKMARK [2][-]{subsection.11.3}{\376\377\000V\000e\000n\000n\000\040\000D\000i\000a\000g\000r\000a\000m\000\040\000f\000o\000r\000\040\000N\000e\000g\000a\000t\000i\000o\000n}{section.11}% 78
\BOOKMARK [2][-]{subsection.11.4}{\376\377\000V\000e\000n\000n\000\040\000D\000i\000a\000g\000r\000a\000m\000\040\000f\000o\000r\000\040\000I\000m\000p\000l\000i\000c\000a\000t\000i\000o\000n}{section.11}% 79
\BOOKMARK [2][-]{subsection.11.5}{\376\377\000V\000e\000n\000n\000\040\000D\000i\000a\000g\000r\000a\000m\000\040\000f\000o\000r\000\040\000B\000i\000c\000o\000n\000d\000i\000t\000i\000o\000n\000a\000l}{section.11}% 80
\BOOKMARK [2][-]{subsection.11.6}{\376\377\000M\000o\000r\000e\000\040\000E\000x\000a\000m\000p\000l\000e\000s}{section.11}% 81
\BOOKMARK [1][-]{section.12}{\376\377\000R\000u\000l\000e\000s\000\040\000o\000f\000\040\000I\000n\000f\000e\000r\000e\000n\000c\000e\000s}{}% 82
\BOOKMARK [2][-]{subsection.12.1}{\376\377\000M\000o\000d\000u\000s\000\040\000P\000o\000n\000e\000n\000s\000\040\000\050\000M\000P\000\051}{section.12}% 83
\BOOKMARK [2][-]{subsection.12.2}{\376\377\000M\000o\000d\000u\000s\000\040\000T\000o\000l\000l\000e\000n\000s\000\040\000\050\000M\000T\000\051}{section.12}% 84
\BOOKMARK [2][-]{subsection.12.3}{\376\377\000H\000y\000p\000o\000t\000h\000e\000t\000i\000c\000a\000l\000\040\000S\000y\000l\000l\000o\000g\000i\000s\000m\000\040\000\050\000H\000S\000\051}{section.12}% 85
\BOOKMARK [2][-]{subsection.12.4}{\376\377\000D\000i\000s\000j\000u\000n\000c\000t\000i\000v\000e\000\040\000S\000y\000l\000l\000o\000g\000i\000s\000m\000\040\000\050\000D\000S\000\051}{section.12}% 86
\BOOKMARK [2][-]{subsection.12.5}{\376\377\000C\000o\000n\000s\000t\000r\000u\000c\000t\000i\000v\000e\000\040\000D\000i\000l\000e\000m\000m\000a\000\040\000\050\000C\000D\000\051}{section.12}% 87
\BOOKMARK [2][-]{subsection.12.6}{\376\377\000A\000d\000d\000i\000t\000i\000o\000n\000\040\000\050\000A\000d\000d\000\051}{section.12}% 88
\BOOKMARK [2][-]{subsection.12.7}{\376\377\000S\000i\000m\000p\000l\000i\000f\000i\000c\000a\000t\000i\000o\000n\000\040\000\050\000S\000i\000m\000p\000\051}{section.12}% 89
\BOOKMARK [2][-]{subsection.12.8}{\376\377\000D\000i\000s\000j\000u\000n\000c\000t\000i\000o\000n\000\040\000E\000l\000i\000m\000i\000n\000a\000t\000i\000o\000n\000\040\000\050\000D\000E\000\051}{section.12}% 90
\BOOKMARK [2][-]{subsection.12.9}{\376\377\000R\000e\000s\000o\000l\000u\000t\000i\000o\000n\000\040\000\050\000R\000e\000s\000\051}{section.12}% 91
\BOOKMARK [2][-]{subsection.12.10}{\376\377\000D\000o\000u\000b\000l\000e\000\040\000N\000e\000g\000a\000t\000i\000o\000n\000\040\000\050\000D\000N\000\051}{section.12}% 92
\BOOKMARK [2][-]{subsection.12.11}{\376\377\000C\000o\000m\000m\000u\000t\000a\000t\000i\000o\000n\000\040\000\050\000C\000o\000m\000m\000\051}{section.12}% 93
\BOOKMARK [2][-]{subsection.12.12}{\376\377\000A\000s\000s\000o\000c\000i\000a\000t\000i\000o\000n\000\040\000\050\000A\000s\000s\000o\000c\000\051}{section.12}% 94
\BOOKMARK [2][-]{subsection.12.13}{\376\377\000D\000i\000s\000t\000r\000i\000b\000u\000t\000i\000o\000n\000\040\000\050\000D\000i\000s\000t\000\051}{section.12}% 95
\BOOKMARK [2][-]{subsection.12.14}{\376\377\000D\000e\000\040\000M\000o\000r\000g\000a\000n\000'\000s\000\040\000L\000a\000w\000s\000\040\000\050\000D\000e\000M\000\051}{section.12}% 96
\BOOKMARK [2][-]{subsection.12.15}{\376\377\000I\000m\000p\000l\000i\000c\000a\000t\000i\000o\000n\000\040\000\050\000I\000m\000p\000l\000\051}{section.12}% 97
\BOOKMARK [2][-]{subsection.12.16}{\376\377\000E\000x\000p\000o\000r\000t\000a\000t\000i\000o\000n\000\040\000\050\000E\000x\000p\000\051}{section.12}% 98
\BOOKMARK [2][-]{subsection.12.17}{\376\377\000C\000o\000n\000t\000r\000a\000p\000o\000s\000i\000t\000i\000v\000e\000\040\000\050\000C\000o\000n\000t\000r\000a\000\051}{section.12}% 99
\BOOKMARK [2][-]{subsection.12.18}{\376\377\000R\000e\000d\000u\000c\000t\000i\000o\000\040\000A\000d\000\040\000A\000b\000s\000u\000r\000d\000u\000m\000\040\000\050\000R\000A\000A\000\051}{section.12}% 100
\BOOKMARK [2][-]{subsection.12.19}{\376\377\000C\000o\000n\000d\000i\000t\000i\000o\000n\000a\000l\000\040\000P\000r\000o\000o\000f\000\040\000\050\000C\000P\000\051}{section.12}% 101
\BOOKMARK [1][-]{section.13}{\376\377\000N\000a\000t\000u\000r\000a\000l\000\040\000D\000e\000d\000u\000c\000t\000i\000o\000n\000\040\000R\000u\000l\000e\000s}{}% 102
\BOOKMARK [2][-]{subsection.13.1}{\376\377\000C\000o\000n\000j\000u\000n\000c\000t\000i\000o\000n\000\040\000\050\000\051}{section.13}% 103
\BOOKMARK [3][-]{subsubsection.13.1.1}{\376\377\000C\000o\000n\000j\000u\000n\000c\000t\000i\000o\000n\000\040\000I\000n\000t\000r\000o\000d\000u\000c\000t\000i\000o\000n}{subsection.13.1}% 104
\BOOKMARK [3][-]{subsubsection.13.1.2}{\376\377\000C\000o\000n\000j\000u\000n\000c\000t\000i\000o\000n\000\040\000E\000l\000i\000m\000i\000n\000a\000t\000i\000o\000n}{subsection.13.1}% 105
\BOOKMARK [2][-]{subsection.13.2}{\376\377\000D\000i\000s\000j\000u\000n\000c\000t\000i\000o\000n\000\040\000\050\000\051}{section.13}% 106
\BOOKMARK [3][-]{subsubsection.13.2.1}{\376\377\000D\000i\000s\000j\000u\000n\000c\000t\000i\000o\000n\000\040\000I\000n\000t\000r\000o\000d\000u\000c\000t\000i\000o\000n}{subsection.13.2}% 107
\BOOKMARK [3][-]{subsubsection.13.2.2}{\376\377\000D\000i\000s\000j\000u\000n\000c\000t\000i\000o\000n\000\040\000E\000l\000i\000m\000i\000n\000a\000t\000i\000o\000n}{subsection.13.2}% 108
\BOOKMARK [2][-]{subsection.13.3}{\376\377\000I\000m\000p\000l\000i\000c\000a\000t\000i\000o\000n\000\040\000\050\000\051}{section.13}% 109
\BOOKMARK [3][-]{subsubsection.13.3.1}{\376\377\000I\000m\000p\000l\000i\000c\000a\000t\000i\000o\000n\000\040\000I\000n\000t\000r\000o\000d\000u\000c\000t\000i\000o\000n}{subsection.13.3}% 110
\BOOKMARK [3][-]{subsubsection.13.3.2}{\376\377\000I\000m\000p\000l\000i\000c\000a\000t\000i\000o\000n\000\040\000E\000l\000i\000m\000i\000n\000a\000t\000i\000o\000n\000\040\000\050\000M\000o\000d\000u\000s\000\040\000P\000o\000n\000e\000n\000s\000\051}{subsection.13.3}% 111
\BOOKMARK [2][-]{subsection.13.4}{\376\377\000N\000e\000g\000a\000t\000i\000o\000n\000\040\000\050\000\051}{section.13}% 112
\BOOKMARK [3][-]{subsubsection.13.4.1}{\376\377\000N\000e\000g\000a\000t\000i\000o\000n\000\040\000I\000n\000t\000r\000o\000d\000u\000c\000t\000i\000o\000n}{subsection.13.4}% 113
\BOOKMARK [3][-]{subsubsection.13.4.2}{\376\377\000N\000e\000g\000a\000t\000i\000o\000n\000\040\000E\000l\000i\000m\000i\000n\000a\000t\000i\000o\000n}{subsection.13.4}% 114
\BOOKMARK [2][-]{subsection.13.5}{\376\377\000B\000o\000t\000t\000o\000m\000\040\000\050\000\051}{section.13}% 115
\BOOKMARK [3][-]{subsubsection.13.5.1}{\376\377\000B\000o\000t\000t\000o\000m\000\040\000E\000l\000i\000m\000i\000n\000a\000t\000i\000o\000n\000\040\000\050\000E\000x\000\040\000F\000a\000l\000s\000o\000\040\000Q\000u\000o\000d\000l\000i\000b\000e\000t\000\051}{subsection.13.5}% 116
\BOOKMARK [2][-]{subsection.13.6}{\376\377\000R\000e\000i\000t\000e\000r\000a\000t\000i\000o\000n\000\040\000\050\000R\000\051}{section.13}% 117
\BOOKMARK [2][-]{subsection.13.7}{\376\377\000R\000e\000d\000u\000c\000t\000i\000o\000\040\000A\000d\000\040\000A\000b\000s\000u\000r\000d\000u\000m\000\040\000\050\000R\000A\000A\000\051}{section.13}% 118
\BOOKMARK [1][-]{section.14}{\376\377\000S\000e\000m\000a\000n\000t\000i\000c\000\040\000T\000a\000b\000l\000e\000a\000u\000x}{}% 119
\BOOKMARK [2][-]{subsection.14.1}{\376\377\000C\000o\000n\000j\000u\000n\000c\000t\000i\000o\000n\000\040\000D\000e\000c\000o\000m\000p\000o\000s\000i\000t\000i\000o\000n\000\040}{section.14}% 120
\BOOKMARK [2][-]{subsection.14.2}{\376\377\000D\000o\000u\000b\000l\000e\000\040\000N\000e\000g\000a\000t\000i\000o\000n}{section.14}% 121
\BOOKMARK [2][-]{subsection.14.3}{\376\377\000N\000e\000g\000a\000t\000e\000d\000\040\000D\000i\000s\000j\000u\000n\000c\000t\000i\000o\000n\000\040\000D\000e\000c\000o\000m\000p\000o\000s\000i\000t\000i\000o\000n}{section.14}% 122
\BOOKMARK [2][-]{subsection.14.4}{\376\377\000N\000e\000g\000a\000t\000e\000d\000\040\000C\000o\000n\000d\000i\000t\000i\000o\000n\000a\000l\000\040\000D\000e\000c\000o\000m\000p\000o\000s\000i\000t\000i\000o\000n\000\040}{section.14}% 123
\BOOKMARK [2][-]{subsection.14.5}{\376\377\000D\000i\000s\000j\000u\000n\000c\000t\000i\000o\000n\000\040\000D\000e\000c\000o\000m\000p\000o\000s\000i\000t\000i\000o\000n}{section.14}% 124
\BOOKMARK [2][-]{subsection.14.6}{\376\377\000N\000e\000g\000a\000t\000e\000d\000\040\000C\000o\000n\000j\000u\000n\000c\000t\000i\000o\000n\000\040\000D\000e\000c\000o\000m\000p\000o\000s\000i\000t\000i\000o\000n\000\040}{section.14}% 125
\BOOKMARK [2][-]{subsection.14.7}{\376\377\000C\000o\000n\000d\000i\000t\000i\000o\000n\000a\000l\000\040\000D\000e\000c\000o\000m\000p\000o\000s\000i\000t\000i\000o\000n\000\040}{section.14}% 126
\BOOKMARK [2][-]{subsection.14.8}{\376\377\000B\000i\000c\000o\000n\000d\000i\000t\000i\000o\000n\000a\000l\000\040\000D\000e\000c\000o\000m\000p\000o\000s\000i\000t\000i\000o\000n}{section.14}% 127
\BOOKMARK [2][-]{subsection.14.9}{\376\377\000N\000e\000g\000a\000t\000e\000d\000\040\000B\000i\000c\000o\000n\000d\000i\000t\000i\000o\000n\000a\000l\000\040\000D\000e\000c\000o\000m\000p\000o\000s\000i\000t\000i\000o\000n}{section.14}% 128
\BOOKMARK [1][-]{section.15}{\376\377\000F\000i\000r\000s\000t\000\040\000O\000r\000d\000e\000r\000\040\000L\000o\000g\000i\000c\000\040}{}% 129
\BOOKMARK [2][-]{subsection.15.1}{\376\377\000S\000e\000n\000t\000e\000n\000c\000e\000\040\000o\000f\000\040\000F\000O\000L}{section.15}% 130
\BOOKMARK [2][-]{subsection.15.2}{\376\377\000T\000e\000r\000m\000s\000\040\000a\000n\000d\000\040\000f\000o\000r\000m\000u\000l\000a\000s}{section.15}% 131
\BOOKMARK [2][-]{subsection.15.3}{\376\377\000B\000r\000a\000c\000k\000e\000t\000i\000n\000g\000\040\000C\000o\000n\000v\000e\000n\000t\000i\000o\000n\000s\000\040\000i\000n\000\040\000F\000O\000L}{section.15}% 132
\BOOKMARK [2][-]{subsection.15.4}{\376\377\000S\000u\000p\000e\000r\000s\000c\000r\000i\000p\000t\000s\000\040\000o\000n\000\040\000P\000r\000e\000d\000i\000c\000a\000t\000e\000s\000\040\000i\000n\000\040\000F\000O\000L}{section.15}% 133
\BOOKMARK [2][-]{subsection.15.5}{\376\377\000N\000a\000m\000e}{section.15}% 134
\BOOKMARK [2][-]{subsection.15.6}{\376\377\000P\000r\000e\000d\000i\000c\000a\000t\000e}{section.15}% 135
\BOOKMARK [2][-]{subsection.15.7}{\376\377\000Q\000u\000a\000n\000t\000i\000f\000i\000e\000r\000s}{section.15}% 136
\BOOKMARK [2][-]{subsection.15.8}{\376\377\000D\000o\000m\000a\000i\000n\000s}{section.15}% 137
\BOOKMARK [2][-]{subsection.15.9}{\376\377\000Q\000u\000a\000n\000t\000i\000f\000i\000e\000r\000s\000\040\000a\000n\000d\000\040\000S\000c\000o\000p\000e}{section.15}% 138
\BOOKMARK [2][-]{subsection.15.10}{\376\377\000T\000h\000e\000\040\000O\000r\000d\000e\000r\000\040\000o\000f\000\040\000Q\000u\000a\000n\000t\000i\000f\000i\000e\000r\000s}{section.15}% 139
\BOOKMARK [2][-]{subsection.15.11}{\376\377\000F\000r\000e\000e\000\040\000a\000n\000d\000\040\000B\000o\000u\000n\000d\000\040\000V\000a\000r\000i\000a\000b\000l\000e\000s}{section.15}% 140
\BOOKMARK [2][-]{subsection.15.12}{\376\377\000Q\000u\000a\000n\000t\000i\000f\000i\000e\000r\000\040\000E\000q\000u\000i\000v\000a\000l\000e\000n\000c\000e\000s}{section.15}% 141
\BOOKMARK [1][-]{section.16}{\376\377\000M\000u\000l\000t\000i\000\040\000P\000l\000a\000c\000e\000\040\000P\000r\000e\000d\000i\000c\000a\000t\000e\000s}{}% 142
\BOOKMARK [2][-]{subsection.16.1}{\376\377\000T\000w\000o\000-\000P\000l\000a\000c\000e\000\040\000P\000r\000e\000d\000i\000c\000a\000t\000e\000s}{section.16}% 143
\BOOKMARK [2][-]{subsection.16.2}{\376\377\000T\000h\000r\000e\000e\000-\000P\000l\000a\000c\000e\000\040\000P\000r\000e\000d\000i\000c\000a\000t\000e\000s}{section.16}% 144
\BOOKMARK [2][-]{subsection.16.3}{\376\377\000F\000o\000u\000r\000-\000P\000l\000a\000c\000e\000\040\000P\000r\000e\000d\000i\000c\000a\000t\000e\000s}{section.16}% 145
\BOOKMARK [1][-]{section.17}{\376\377\000I\000d\000e\000n\000t\000i\000t\000y\000\040\000a\000n\000d\000\040\000Q\000u\000a\000n\000t\000i\000t\000y}{}% 146
\BOOKMARK [2][-]{subsection.17.1}{\376\377\000I\000d\000e\000n\000t\000i\000t\000y}{section.17}% 147
\BOOKMARK [2][-]{subsection.17.2}{\376\377\000Q\000u\000a\000n\000t\000i\000t\000y}{section.17}% 148
\BOOKMARK [1][-]{section.18}{\376\377\000D\000e\000f\000i\000n\000i\000t\000e\000\040\000D\000e\000s\000c\000r\000i\000p\000t\000i\000o\000n\000s}{}% 149
\BOOKMARK [2][-]{subsection.18.1}{\376\377\000R\000u\000s\000s\000e\000l\000l\040\031\000s\000\040\000A\000n\000a\000l\000y\000s\000i\000s}{section.18}% 150
\BOOKMARK [2][-]{subsection.18.2}{\376\377\000P\000.\000\040\000F\000.\000\040\000S\000t\000r\000a\000w\000s\000o\000n\000'\000s\000\040\000C\000r\000i\000t\000i\000c}{section.18}% 151
\BOOKMARK [2][-]{subsection.18.3}{\376\377\000K\000e\000i\000t\000h\000\040\000D\000o\000n\000n\000e\000l\000l\000a\000n\000'\000s\000\040\000I\000d\000e\000a}{section.18}% 152
\BOOKMARK [1][-]{section.19}{\376\377\000S\000e\000m\000a\000n\000t\000i\000c\000\040\000C\000o\000n\000c\000e\000p\000t\000s\000\040\000f\000o\000r\000\040\000F\000O\000L}{}% 153
\BOOKMARK [2][-]{subsection.19.1}{\376\377\000V\000a\000l\000i\000d\000i\000t\000y}{section.19}% 154
\BOOKMARK [2][-]{subsection.19.2}{\376\377\000S\000a\000t\000i\000s\000f\000i\000a\000b\000i\000l\000i\000t\000y}{section.19}% 155
\BOOKMARK [2][-]{subsection.19.3}{\376\377\000C\000o\000n\000t\000r\000a\000d\000i\000c\000t\000i\000o\000n}{section.19}% 156
\BOOKMARK [2][-]{subsection.19.4}{\376\377\000E\000n\000t\000a\000i\000l\000m\000e\000n\000t}{section.19}% 157
\BOOKMARK [2][-]{subsection.19.5}{\376\377\000N\000o\000n\000-\000E\000n\000t\000a\000i\000l\000m\000e\000n\000t}{section.19}% 158
\BOOKMARK [2][-]{subsection.19.6}{\376\377\000J\000o\000i\000n\000t\000\040\000S\000a\000t\000i\000s\000f\000i\000a\000b\000i\000l\000i\000t\000y}{section.19}% 159
\BOOKMARK [2][-]{subsection.19.7}{\376\377\000L\000o\000g\000i\000c\000a\000l\000\040\000E\000q\000u\000i\000v\000a\000l\000e\000n\000c\000e}{section.19}% 160
\BOOKMARK [2][-]{subsection.19.8}{\376\377\000C\000o\000n\000t\000i\000n\000g\000e\000n\000c\000y}{section.19}% 161
\BOOKMARK [2][-]{subsection.19.9}{\376\377\000E\000x\000p\000r\000e\000s\000s\000i\000b\000i\000l\000i\000t\000y}{section.19}% 162
\BOOKMARK [2][-]{subsection.19.10}{\376\377\000D\000e\000f\000i\000n\000a\000b\000i\000l\000i\000t\000y}{section.19}% 163
\BOOKMARK [2][-]{subsection.19.11}{\376\377\000I\000m\000p\000l\000i\000c\000i\000t\000\040\000D\000e\000f\000i\000n\000a\000b\000i\000l\000i\000t\000y}{section.19}% 164
\BOOKMARK [2][-]{subsection.19.12}{\376\377\000F\000i\000n\000i\000t\000e\000\040\000E\000x\000p\000r\000e\000s\000s\000i\000b\000i\000l\000i\000t\000y}{section.19}% 165
\BOOKMARK [2][-]{subsection.19.13}{\376\377\000C\000a\000r\000d\000i\000n\000a\000l\000i\000t\000y\000\040\000C\000o\000n\000s\000t\000r\000a\000i\000n\000t\000s}{section.19}% 166
\BOOKMARK [1][-]{section.20}{\376\377\000P\000r\000o\000p\000e\000r\000t\000i\000e\000s\000\040\000o\000f\000\040\000R\000e\000l\000a\000t\000i\000o\000n\000s}{}% 167
\BOOKMARK [2][-]{subsection.20.1}{\376\377\000R\000e\000f\000l\000e\000x\000i\000v\000i\000t\000y}{section.20}% 168
\BOOKMARK [2][-]{subsection.20.2}{\376\377\000I\000r\000r\000e\000f\000l\000e\000x\000i\000v\000i\000t\000y}{section.20}% 169
\BOOKMARK [2][-]{subsection.20.3}{\376\377\000A\000s\000y\000m\000m\000e\000t\000r\000y}{section.20}% 170
\BOOKMARK [2][-]{subsection.20.4}{\376\377\000S\000y\000m\000m\000e\000t\000r\000y}{section.20}% 171
\BOOKMARK [2][-]{subsection.20.5}{\376\377\000A\000n\000t\000i\000s\000y\000m\000m\000e\000t\000r\000y}{section.20}% 172
\BOOKMARK [2][-]{subsection.20.6}{\376\377\000T\000r\000a\000n\000s\000i\000t\000i\000v\000i\000t\000y}{section.20}% 173
\BOOKMARK [2][-]{subsection.20.7}{\376\377\000C\000o\000n\000n\000e\000c\000t\000i\000v\000i\000t\000y}{section.20}% 174
\BOOKMARK [1][-]{section.21}{\376\377\000R\000e\000l\000a\000t\000i\000o\000n\000\040\000o\000n\000\040\000a\000\040\000S\000e\000t}{}% 175
\BOOKMARK [2][-]{subsection.21.1}{\376\377\000U\000n\000i\000o\000n}{section.21}% 176
\BOOKMARK [2][-]{subsection.21.2}{\376\377\000I\000n\000t\000e\000r\000s\000e\000c\000t\000i\000o\000n}{section.21}% 177
\BOOKMARK [2][-]{subsection.21.3}{\376\377\000D\000i\000f\000f\000e\000r\000e\000n\000c\000e}{section.21}% 178
\BOOKMARK [2][-]{subsection.21.4}{\376\377\000S\000y\000m\000m\000e\000t\000r\000i\000c\000\040\000D\000i\000f\000f\000e\000r\000e\000n\000c\000e}{section.21}% 179
\BOOKMARK [2][-]{subsection.21.5}{\376\377\000C\000o\000m\000p\000l\000e\000m\000e\000n\000t}{section.21}% 180
\BOOKMARK [2][-]{subsection.21.6}{\376\377\000C\000a\000r\000t\000e\000s\000i\000a\000n\000\040\000P\000r\000o\000d\000u\000c\000t}{section.21}% 181
\BOOKMARK [2][-]{subsection.21.7}{\376\377\000S\000u\000b\000s\000e\000t}{section.21}% 182
\BOOKMARK [2][-]{subsection.21.8}{\376\377\000P\000o\000w\000e\000r\000\040\000S\000e\000t}{section.21}% 183
\BOOKMARK [1][-]{section.22}{\376\377\000R\000e\000l\000a\000t\000i\000o\000n\000s\000\040\000O\000r\000d\000e\000r\000\040}{}% 184
\BOOKMARK [2][-]{subsection.22.1}{\376\377\000P\000r\000e\000o\000r\000d\000e\000r}{section.22}% 185
\BOOKMARK [2][-]{subsection.22.2}{\376\377\000P\000a\000r\000t\000i\000a\000l\000\040\000O\000r\000d\000e\000r}{section.22}% 186
\BOOKMARK [2][-]{subsection.22.3}{\376\377\000L\000i\000n\000e\000a\000r\000\040\000O\000r\000d\000e\000r}{section.22}% 187
\BOOKMARK [2][-]{subsection.22.4}{\376\377\000S\000t\000r\000i\000c\000t\000\040\000O\000r\000d\000e\000r}{section.22}% 188
\BOOKMARK [2][-]{subsection.22.5}{\376\377\000S\000t\000r\000i\000c\000t\000\040\000L\000i\000n\000e\000a\000r\000\040\000O\000r\000d\000e\000r}{section.22}% 189
\BOOKMARK [1][-]{section.23}{\376\377\000O\000p\000e\000r\000a\000t\000i\000o\000n\000s\000\040\000o\000n\000\040\000R\000e\000l\000a\000t\000i\000o\000n\000s}{}% 190
\BOOKMARK [2][-]{subsection.23.1}{\376\377\000I\000n\000v\000e\000r\000s\000e\000\040\000o\000f\000\040\000a\000\040\000R\000e\000l\000a\000t\000i\000o\000n}{section.23}% 191
\BOOKMARK [2][-]{subsection.23.2}{\376\377\000R\000e\000l\000a\000t\000i\000v\000e\000\040\000P\000r\000o\000d\000u\000c\000t\000\040\000o\000f\000\040\000R\000e\000l\000a\000t\000i\000o\000n\000s}{section.23}% 192
\BOOKMARK [2][-]{subsection.23.3}{\376\377\000R\000e\000s\000t\000r\000i\000c\000t\000i\000o\000n\000\040\000o\000f\000\040\000a\000\040\000R\000e\000l\000a\000t\000i\000o\000n}{section.23}% 193
\BOOKMARK [2][-]{subsection.23.4}{\376\377\000A\000p\000p\000l\000i\000c\000a\000t\000i\000o\000n\000\040\000o\000f\000\040\000a\000\040\000R\000e\000l\000a\000t\000i\000o\000n\000\040\000t\000o\000\040\000a\000\040\000S\000e\000t}{section.23}% 194
\BOOKMARK [2][-]{subsection.23.5}{\376\377\000T\000r\000a\000n\000s\000i\000t\000i\000v\000e\000\040\000C\000l\000o\000s\000u\000r\000e}{section.23}% 195
\BOOKMARK [2][-]{subsection.23.6}{\376\377\000R\000e\000f\000l\000e\000x\000i\000v\000e\000\040\000T\000r\000a\000n\000s\000i\000t\000i\000v\000e\000\040\000C\000l\000o\000s\000u\000r\000e}{section.23}% 196
\BOOKMARK [1][-]{section.24}{\376\377\000S\000e\000t\000\040\000P\000r\000o\000p\000e\000r\000t\000i\000e\000s\000\040\000a\000n\000d\000\040\000L\000a\000w\000s}{}% 197
\BOOKMARK [2][-]{subsection.24.1}{\376\377\000C\000o\000m\000m\000u\000t\000a\000t\000i\000v\000e\000\040\000L\000a\000w\000s}{section.24}% 198
\BOOKMARK [2][-]{subsection.24.2}{\376\377\000A\000s\000s\000o\000c\000i\000a\000t\000i\000v\000e\000\040\000L\000a\000w\000s}{section.24}% 199
\BOOKMARK [2][-]{subsection.24.3}{\376\377\000D\000i\000s\000t\000r\000i\000b\000u\000t\000i\000v\000e\000\040\000L\000a\000w\000s}{section.24}% 200
\BOOKMARK [2][-]{subsection.24.4}{\376\377\000D\000e\000\040\000M\000o\000r\000g\000a\000n\000'\000s\000\040\000L\000a\000w\000s}{section.24}% 201
\BOOKMARK [2][-]{subsection.24.5}{\376\377\000I\000d\000e\000n\000t\000i\000t\000y\000\040\000L\000a\000w\000s}{section.24}% 202
\BOOKMARK [2][-]{subsection.24.6}{\376\377\000I\000d\000e\000m\000p\000o\000t\000e\000n\000t\000\040\000L\000a\000w\000s}{section.24}% 203
\BOOKMARK [2][-]{subsection.24.7}{\376\377\000C\000o\000m\000p\000l\000e\000m\000e\000n\000t\000\040\000L\000a\000w\000s}{section.24}% 204
\BOOKMARK [2][-]{subsection.24.8}{\376\377\000A\000b\000s\000o\000r\000p\000t\000i\000o\000n\000\040\000L\000a\000w\000s}{section.24}% 205
\BOOKMARK [1][-]{section.25}{\376\377\000T\000r\000u\000t\000h\000\040\000V\000a\000l\000u\000e\000\040\000f\000o\000r\000\040\000F\000O\000L}{}% 206
\BOOKMARK [2][-]{subsection.25.1}{\376\377\000E\000x\000a\000m\000p\000l\000e\000\040\0001}{section.25}% 207
\BOOKMARK [2][-]{subsection.25.2}{\376\377\000E\000x\000a\000m\000p\000l\000e\000\040\0002}{section.25}% 208
\BOOKMARK [2][-]{subsection.25.3}{\376\377\000E\000x\000a\000m\000p\000l\000e\000\040\0003}{section.25}% 209
\BOOKMARK [2][-]{subsection.25.4}{\376\377\000E\000x\000a\000m\000p\000l\000e\000\040\0004}{section.25}% 210
\BOOKMARK [2][-]{subsection.25.5}{\376\377\000E\000x\000a\000m\000p\000l\000e\000\040\0005}{section.25}% 211
\BOOKMARK [1][-]{section.26}{\376\377\000N\000a\000t\000u\000r\000a\000l\000\040\000D\000e\000d\000u\000c\000t\000i\000o\000n\000\040\000f\000o\000r\000\040\000F\000O\000L}{}% 212
\BOOKMARK [2][-]{subsection.26.1}{\376\377\000U\000n\000i\000v\000e\000r\000s\000a\000l\000\040\000E\000l\000i\000m\000i\000n\000a\000t\000i\000o\000n\000\040\000\050\000E\000\051}{section.26}% 213
\BOOKMARK [2][-]{subsection.26.2}{\376\377\000U\000n\000i\000v\000e\000r\000s\000a\000l\000\040\000I\000n\000t\000r\000o\000d\000u\000c\000t\000i\000o\000n\000\040\000\050\000I\000\051}{section.26}% 214
\BOOKMARK [2][-]{subsection.26.3}{\376\377\000E\000x\000i\000s\000t\000e\000n\000t\000i\000a\000l\000\040\000I\000n\000t\000r\000o\000d\000u\000c\000t\000i\000o\000n\000\040\000\050\000I\000\051}{section.26}% 215
\BOOKMARK [2][-]{subsection.26.4}{\376\377\000E\000x\000i\000s\000t\000e\000n\000t\000i\000a\000l\000\040\000E\000l\000i\000m\000i\000n\000a\000t\000i\000o\000n\000\040\000\050\000E\000\051}{section.26}% 216
\BOOKMARK [2][-]{subsection.26.5}{\376\377\000I\000d\000e\000n\000t\000i\000t\000y\000\040\000I\000n\000t\000r\000o\000d\000u\000c\000t\000i\000o\000n\000\040\000\050\000=\000I\000\051}{section.26}% 217
\BOOKMARK [2][-]{subsection.26.6}{\376\377\000I\000d\000e\000n\000t\000i\000t\000y\000\040\000E\000l\000i\000m\000i\000n\000a\000t\000i\000o\000n\000\040\000\050\000=\000E\000\051}{section.26}% 218
\BOOKMARK [1][-]{section.27}{\376\377\000B\000o\000o\000l\000e\000a\000n\000,\000\040\000D\000N\000F\000,\000\040\000a\000n\000d\000\040\000C\000N\000F}{}% 219
\BOOKMARK [2][-]{subsection.27.1}{\376\377\000B\000o\000o\000l\000e\000a\000n}{section.27}% 220
\BOOKMARK [3][-]{subsubsection.27.1.1}{\376\377\000G\000e\000n\000e\000r\000a\000l\000\040\000C\000o\000n\000s\000t\000r\000u\000c\000t\000i\000o\000n}{subsection.27.1}% 221
\BOOKMARK [2][-]{subsection.27.2}{\376\377\000D\000i\000s\000j\000u\000n\000c\000t\000i\000v\000e\000\040\000N\000o\000r\000m\000a\000l\000\040\000F\000o\000r\000m\000\040\000\050\000D\000N\000F\000\051}{section.27}% 222
\BOOKMARK [3][-]{subsubsection.27.2.1}{\376\377\000G\000e\000n\000e\000r\000a\000l\000\040\000C\000o\000n\000s\000t\000r\000u\000c\000t\000i\000o\000n}{subsection.27.2}% 223
\BOOKMARK [2][-]{subsection.27.3}{\376\377\000C\000o\000n\000j\000u\000n\000c\000t\000i\000v\000e\000\040\000N\000o\000r\000m\000a\000l\000\040\000F\000o\000r\000m\000\040\000\050\000C\000N\000F\000\051}{section.27}% 224
\BOOKMARK [3][-]{subsubsection.27.3.1}{\376\377\000G\000e\000n\000e\000r\000a\000l\000\040\000C\000o\000n\000s\000t\000r\000u\000c\000t\000i\000o\000n}{subsection.27.3}% 225
\BOOKMARK [1][-]{section.28}{\376\377\000L\000i\000m\000i\000t\000\040\000o\000f\000\040\000L\000o\000g\000i\000c}{}% 226
\BOOKMARK [2][-]{subsection.28.1}{\376\377\000C\000o\000n\000t\000e\000x\000t\000u\000a\000l\000\040\000M\000e\000a\000n\000i\000n\000g}{section.28}% 227
\BOOKMARK [2][-]{subsection.28.2}{\376\377\000V\000a\000g\000u\000e\000n\000e\000s\000s}{section.28}% 228
\BOOKMARK [2][-]{subsection.28.3}{\376\377\000P\000r\000e\000s\000u\000p\000p\000o\000s\000i\000t\000i\000o\000n\000s}{section.28}% 229
\BOOKMARK [2][-]{subsection.28.4}{\376\377\000I\000d\000i\000o\000m\000a\000t\000i\000c\000\040\000L\000a\000y\000e\000r}{section.28}% 230
\BOOKMARK [2][-]{subsection.28.5}{\376\377\000N\000a\000t\000u\000r\000a\000l\000n\000e\000s\000s}{section.28}% 231
